{"/home/lucio/Documentos/personal/api_pruebaMerqueo/src/components/caja/aplicacion/CajaUseCase.ts": {"path":"/home/lucio/Documentos/personal/api_pruebaMerqueo/src/components/caja/aplicacion/CajaUseCase.ts","statementMap":{"0":{"start":{"line":1,"column":0},"end":{"line":1,"column":83}},"1":{"start":{"line":2,"column":0},"end":{"line":2,"column":103}},"2":{"start":{"line":3,"column":0},"end":{"line":3,"column":39}},"3":{"start":{"line":6,"column":0},"end":{"line":6,"column":65}},"4":{"start":{"line":7,"column":0},"end":{"line":7,"column":48}},"5":{"start":{"line":16,"column":4},"end":{"line":16,"column":21}},"6":{"start":{"line":17,"column":4},"end":{"line":17,"column":45}},"7":{"start":{"line":18,"column":4},"end":{"line":18,"column":63}},"8":{"start":{"line":28,"column":4},"end":{"line":38,"column":7}},"9":{"start":{"line":28,"column":49},"end":{"line":38,"column":6}},"10":{"start":{"line":29,"column":6},"end":{"line":37,"column":null}},"11":{"start":{"line":30,"column":21},"end":{"line":30,"column":81}},"12":{"start":{"line":31,"column":23},"end":{"line":31,"column":64}},"13":{"start":{"line":32,"column":25},"end":{"line":32,"column":78}},"14":{"start":{"line":33,"column":8},"end":{"line":33,"column":64}},"15":{"start":{"line":34,"column":8},"end":{"line":34,"column":26}},"16":{"start":{"line":36,"column":8},"end":{"line":36,"column":22}},"17":{"start":{"line":47,"column":4},"end":{"line":47,"column":39}},"18":{"start":{"line":55,"column":4},"end":{"line":121,"column":7}},"19":{"start":{"line":55,"column":49},"end":{"line":121,"column":6}},"20":{"start":{"line":56,"column":19},"end":{"line":56,"column":79}},"21":{"start":{"line":59,"column":17},"end":{"line":59,"column":36}},"22":{"start":{"line":60,"column":22},"end":{"line":60,"column":41}},"23":{"start":{"line":61,"column":29},"end":{"line":61,"column":67}},"24":{"start":{"line":62,"column":23},"end":{"line":66,"column":null}},"25":{"start":{"line":64,"column":10},"end":{"line":66,"column":72}},"26":{"start":{"line":68,"column":28},"end":{"line":69,"column":null}},"27":{"start":{"line":69,"column":18},"end":{"line":69,"column":59}},"28":{"start":{"line":72,"column":6},"end":{"line":74,"column":null}},"29":{"start":{"line":73,"column":8},"end":{"line":73,"column":68}},"30":{"start":{"line":78,"column":8},"end":{"line":78,"column":63}},"31":{"start":{"line":79,"column":18},"end":{"line":80,"column":null}},"32":{"start":{"line":80,"column":18},"end":{"line":80,"column":80}},"33":{"start":{"line":82,"column":6},"end":{"line":84,"column":8}},"34":{"start":{"line":85,"column":26},"end":{"line":85,"column":45}},"35":{"start":{"line":86,"column":20},"end":{"line":88,"column":null}},"36":{"start":{"line":92,"column":28},"end":{"line":93,"column":null}},"37":{"start":{"line":93,"column":18},"end":{"line":93,"column":68}},"38":{"start":{"line":95,"column":6},"end":{"line":101,"column":null}},"39":{"start":{"line":96,"column":8},"end":{"line":98,"column":10}},"40":{"start":{"line":100,"column":8},"end":{"line":100,"column":31}},"41":{"start":{"line":102,"column":6},"end":{"line":120,"column":null}},"42":{"start":{"line":103,"column":32},"end":{"line":107,"column":null}},"43":{"start":{"line":109,"column":8},"end":{"line":109,"column":71}},"44":{"start":{"line":110,"column":31},"end":{"line":114,"column":null}},"45":{"start":{"line":116,"column":8},"end":{"line":116,"column":70}},"46":{"start":{"line":117,"column":8},"end":{"line":117,"column":25}},"47":{"start":{"line":119,"column":8},"end":{"line":119,"column":57}},"48":{"start":{"line":125,"column":4},"end":{"line":125,"column":40}},"49":{"start":{"line":129,"column":15},"end":{"line":129,"column":34}},"50":{"start":{"line":130,"column":4},"end":{"line":130,"column":26}},"51":{"start":{"line":131,"column":4},"end":{"line":131,"column":25}},"52":{"start":{"line":132,"column":4},"end":{"line":132,"column":25}},"53":{"start":{"line":133,"column":4},"end":{"line":133,"column":16}},"54":{"start":{"line":137,"column":4},"end":{"line":190,"column":null}},"55":{"start":{"line":138,"column":24},"end":{"line":138,"column":55}},"56":{"start":{"line":139,"column":29},"end":{"line":139,"column":62}},"57":{"start":{"line":140,"column":26},"end":{"line":142,"column":null}},"58":{"start":{"line":145,"column":29},"end":{"line":145,"column":31}},"59":{"start":{"line":146,"column":31},"end":{"line":147,"column":null}},"60":{"start":{"line":147,"column":23},"end":{"line":147,"column":55}},"61":{"start":{"line":149,"column":30},"end":{"line":150,"column":null}},"62":{"start":{"line":150,"column":23},"end":{"line":150,"column":54}},"63":{"start":{"line":153,"column":6},"end":{"line":162,"column":9}},"64":{"start":{"line":154,"column":20},"end":{"line":155,"column":null}},"65":{"start":{"line":155,"column":20},"end":{"line":155,"column":65}},"66":{"start":{"line":157,"column":8},"end":{"line":161,"column":null}},"67":{"start":{"line":158,"column":10},"end":{"line":158,"column":87}},"68":{"start":{"line":160,"column":10},"end":{"line":160,"column":38}},"69":{"start":{"line":164,"column":6},"end":{"line":171,"column":9}},"70":{"start":{"line":165,"column":20},"end":{"line":166,"column":null}},"71":{"start":{"line":166,"column":20},"end":{"line":166,"column":65}},"72":{"start":{"line":168,"column":8},"end":{"line":170,"column":null}},"73":{"start":{"line":169,"column":10},"end":{"line":169,"column":87}},"74":{"start":{"line":174,"column":22},"end":{"line":174,"column":23}},"75":{"start":{"line":175,"column":6},"end":{"line":177,"column":9}},"76":{"start":{"line":176,"column":8},"end":{"line":176,"column":66}},"77":{"start":{"line":179,"column":6},"end":{"line":179,"column":24}},"78":{"start":{"line":180,"column":17},"end":{"line":180,"column":36}},"79":{"start":{"line":181,"column":6},"end":{"line":181,"column":35}},"80":{"start":{"line":182,"column":6},"end":{"line":182,"column":35}},"81":{"start":{"line":184,"column":6},"end":{"line":187,"column":8}},"82":{"start":{"line":189,"column":6},"end":{"line":189,"column":19}},"83":{"start":{"line":10,"column":0},"end":{"line":10,"column":13}}},"fnMap":{"0":{"name":"(anonymous_7)","decl":{"start":{"line":15,"column":2},"end":{"line":15,"column":14}},"loc":{"start":{"line":15,"column":60},"end":{"line":19,"column":3}}},"1":{"name":"(anonymous_8)","decl":{"start":{"line":27,"column":9},"end":{"line":27,"column":30}},"loc":{"start":{"line":27,"column":69},"end":{"line":39,"column":3}}},"2":{"name":"(anonymous_9)","decl":{"start":{"line":28,"column":23},"end":{"line":28,"column":30}},"loc":{"start":{"line":28,"column":49},"end":{"line":38,"column":6}}},"3":{"name":"(anonymous_10)","decl":{"start":{"line":28,"column":49},"end":{"line":28,"column":null}},"loc":{"start":{"line":28,"column":49},"end":{"line":38,"column":5}}},"4":{"name":"(anonymous_11)","decl":{"start":{"line":46,"column":9},"end":{"line":46,"column":20}},"loc":{"start":{"line":46,"column":20},"end":{"line":48,"column":3}}},"5":{"name":"(anonymous_12)","decl":{"start":{"line":50,"column":9},"end":{"line":50,"column":22}},"loc":{"start":{"line":53,"column":24},"end":{"line":122,"column":3}}},"6":{"name":"(anonymous_13)","decl":{"start":{"line":55,"column":23},"end":{"line":55,"column":30}},"loc":{"start":{"line":55,"column":49},"end":{"line":121,"column":6}}},"7":{"name":"(anonymous_14)","decl":{"start":{"line":55,"column":49},"end":{"line":55,"column":null}},"loc":{"start":{"line":55,"column":49},"end":{"line":121,"column":5}}},"8":{"name":"(anonymous_15)","decl":{"start":{"line":63,"column":8},"end":{"line":63,"column":9}},"loc":{"start":{"line":64,"column":10},"end":{"line":66,"column":72}}},"9":{"name":"(anonymous_16)","decl":{"start":{"line":69,"column":8},"end":{"line":69,"column":9}},"loc":{"start":{"line":69,"column":18},"end":{"line":69,"column":59}}},"10":{"name":"(anonymous_17)","decl":{"start":{"line":80,"column":8},"end":{"line":80,"column":9}},"loc":{"start":{"line":80,"column":18},"end":{"line":80,"column":80}}},"11":{"name":"(anonymous_18)","decl":{"start":{"line":93,"column":8},"end":{"line":93,"column":9}},"loc":{"start":{"line":93,"column":18},"end":{"line":93,"column":68}}},"12":{"name":"(anonymous_19)","decl":{"start":{"line":124,"column":9},"end":{"line":124,"column":25}},"loc":{"start":{"line":124,"column":25},"end":{"line":126,"column":3}}},"13":{"name":"(anonymous_20)","decl":{"start":{"line":128,"column":9},"end":{"line":128,"column":19}},"loc":{"start":{"line":128,"column":19},"end":{"line":134,"column":3}}},"14":{"name":"(anonymous_21)","decl":{"start":{"line":136,"column":15},"end":{"line":136,"column":30}},"loc":{"start":{"line":136,"column":72},"end":{"line":191,"column":null}}},"15":{"name":"(anonymous_23)","decl":{"start":{"line":147,"column":8},"end":{"line":147,"column":9}},"loc":{"start":{"line":147,"column":23},"end":{"line":147,"column":55}}},"16":{"name":"(anonymous_24)","decl":{"start":{"line":150,"column":8},"end":{"line":150,"column":9}},"loc":{"start":{"line":150,"column":23},"end":{"line":150,"column":54}}},"17":{"name":"(anonymous_25)","decl":{"start":{"line":153,"column":33},"end":{"line":153,"column":34}},"loc":{"start":{"line":153,"column":47},"end":{"line":162,"column":7}}},"18":{"name":"(anonymous_26)","decl":{"start":{"line":155,"column":10},"end":{"line":155,"column":11}},"loc":{"start":{"line":155,"column":20},"end":{"line":155,"column":65}}},"19":{"name":"(anonymous_27)","decl":{"start":{"line":164,"column":32},"end":{"line":164,"column":33}},"loc":{"start":{"line":164,"column":46},"end":{"line":171,"column":7}}},"20":{"name":"(anonymous_28)","decl":{"start":{"line":166,"column":10},"end":{"line":166,"column":11}},"loc":{"start":{"line":166,"column":20},"end":{"line":166,"column":65}}},"21":{"name":"(anonymous_29)","decl":{"start":{"line":175,"column":24},"end":{"line":175,"column":25}},"loc":{"start":{"line":175,"column":33},"end":{"line":177,"column":7}}}},"branchMap":{"0":{"loc":{"start":{"line":64,"column":10},"end":{"line":64,"column":51}},"type":"binary-expr","locations":[{"start":{"line":64,"column":10},"end":{"line":64,"column":51}},{"start":{"line":65,"column":10},"end":{"line":65,"column":69}},{"start":{"line":66,"column":10},"end":{"line":66,"column":72}}]},"1":{"loc":{"start":{"line":72,"column":6},"end":{"line":74,"column":null}},"type":"if","locations":[{"start":{"line":72,"column":6},"end":{"line":74,"column":null}},{"start":{"line":72,"column":6},"end":{"line":74,"column":null}}]},"2":{"loc":{"start":{"line":95,"column":6},"end":{"line":101,"column":null}},"type":"if","locations":[{"start":{"line":95,"column":6},"end":{"line":101,"column":null}},{"start":{"line":95,"column":6},"end":{"line":101,"column":null}}]},"3":{"loc":{"start":{"line":102,"column":6},"end":{"line":120,"column":null}},"type":"if","locations":[{"start":{"line":102,"column":6},"end":{"line":120,"column":null}},{"start":{"line":102,"column":6},"end":{"line":120,"column":null}}]},"4":{"loc":{"start":{"line":157,"column":8},"end":{"line":161,"column":null}},"type":"if","locations":[{"start":{"line":157,"column":8},"end":{"line":161,"column":null}},{"start":{"line":157,"column":8},"end":{"line":161,"column":null}}]},"5":{"loc":{"start":{"line":168,"column":8},"end":{"line":170,"column":null}},"type":"if","locations":[{"start":{"line":168,"column":8},"end":{"line":170,"column":null}},{"start":{"line":168,"column":8},"end":{"line":170,"column":null}}]}},"s":{"0":1,"1":1,"2":1,"3":1,"4":1,"5":2,"6":2,"7":2,"8":1,"9":1,"10":1,"11":1,"12":1,"13":1,"14":1,"15":1,"16":0,"17":1,"18":0,"19":0,"20":0,"21":0,"22":0,"23":0,"24":0,"25":0,"26":0,"27":0,"28":0,"29":0,"30":0,"31":0,"32":0,"33":0,"34":0,"35":0,"36":0,"37":0,"38":0,"39":0,"40":0,"41":0,"42":0,"43":0,"44":0,"45":0,"46":0,"47":0,"48":0,"49":0,"50":0,"51":0,"52":0,"53":0,"54":0,"55":0,"56":0,"57":0,"58":0,"59":0,"60":0,"61":0,"62":0,"63":0,"64":0,"65":0,"66":0,"67":0,"68":0,"69":0,"70":0,"71":0,"72":0,"73":0,"74":0,"75":0,"76":0,"77":0,"78":0,"79":0,"80":0,"81":0,"82":0,"83":1},"f":{"0":2,"1":1,"2":1,"3":1,"4":1,"5":0,"6":0,"7":0,"8":0,"9":0,"10":0,"11":0,"12":0,"13":0,"14":0,"15":0,"16":0,"17":0,"18":0,"19":0,"20":0,"21":0},"b":{"0":[0,0,0],"1":[0,0],"2":[0,0],"3":[0,0],"4":[0,0],"5":[0,0]}}
,"/home/lucio/Documentos/personal/api_pruebaMerqueo/src/components/caja/aplicacion/DineroUseCase.ts": {"path":"/home/lucio/Documentos/personal/api_pruebaMerqueo/src/components/caja/aplicacion/DineroUseCase.ts","statementMap":{"0":{"start":{"line":1,"column":0},"end":{"line":1,"column":43}},"1":{"start":{"line":9,"column":8},"end":{"line":33,"column":null}},"2":{"start":{"line":10,"column":43},"end":{"line":21,"column":16}},"3":{"start":{"line":22,"column":14},"end":{"line":24,"column":null}},"4":{"start":{"line":23,"column":16},"end":{"line":23,"column":59}},"5":{"start":{"line":27,"column":14},"end":{"line":31,"column":null}},"6":{"start":{"line":28,"column":16},"end":{"line":28,"column":70}},"7":{"start":{"line":30,"column":16},"end":{"line":30,"column":71}},"8":{"start":{"line":32,"column":14},"end":{"line":32,"column":30}},"9":{"start":{"line":3,"column":0},"end":{"line":3,"column":13}}},"fnMap":{"0":{"name":"(anonymous_0)","decl":{"start":{"line":6,"column":4},"end":{"line":6,"column":18}},"loc":{"start":{"line":6,"column":4},"end":{"line":6,"column":19}}},"1":{"name":"(anonymous_1)","decl":{"start":{"line":8,"column":4},"end":{"line":8,"column":15}},"loc":{"start":{"line":8,"column":54},"end":{"line":36,"column":5}}},"2":{"name":"(anonymous_2)","decl":{"start":{"line":9,"column":27},"end":{"line":9,"column":28}},"loc":{"start":{"line":9,"column":47},"end":{"line":33,"column":9}}}},"branchMap":{"0":{"loc":{"start":{"line":22,"column":14},"end":{"line":24,"column":null}},"type":"if","locations":[{"start":{"line":22,"column":14},"end":{"line":24,"column":null}},{"start":{"line":22,"column":14},"end":{"line":24,"column":null}}]},"1":{"loc":{"start":{"line":27,"column":14},"end":{"line":31,"column":null}},"type":"if","locations":[{"start":{"line":27,"column":14},"end":{"line":31,"column":null}},{"start":{"line":27,"column":14},"end":{"line":31,"column":null}}]}},"s":{"0":1,"1":1,"2":1,"3":1,"4":0,"5":1,"6":0,"7":1,"8":1,"9":1},"f":{"0":2,"1":1,"2":1},"b":{"0":[0,1],"1":[0,1]}}
,"/home/lucio/Documentos/personal/api_pruebaMerqueo/src/components/caja/dominio/Caja.ts": {"path":"/home/lucio/Documentos/personal/api_pruebaMerqueo/src/components/caja/dominio/Caja.ts","statementMap":{"0":{"start":{"line":11,"column":8},"end":{"line":11,"column":27}},"1":{"start":{"line":12,"column":8},"end":{"line":12,"column":27}},"2":{"start":{"line":13,"column":8},"end":{"line":13,"column":28}},"3":{"start":{"line":17,"column":8},"end":{"line":19,"column":null}},"4":{"start":{"line":18,"column":12},"end":{"line":18,"column":40}},"5":{"start":{"line":20,"column":8},"end":{"line":20,"column":30}},"6":{"start":{"line":24,"column":8},"end":{"line":24,"column":29}},"7":{"start":{"line":28,"column":8},"end":{"line":28,"column":33}},"8":{"start":{"line":32,"column":8},"end":{"line":32,"column":30}},"9":{"start":{"line":36,"column":8},"end":{"line":36,"column":35}},"10":{"start":{"line":40,"column":8},"end":{"line":40,"column":30}},"11":{"start":{"line":44,"column":8},"end":{"line":44,"column":35}},"12":{"start":{"line":3,"column":0},"end":{"line":3,"column":13}}},"fnMap":{"0":{"name":"(anonymous_0)","decl":{"start":{"line":10,"column":4},"end":{"line":10,"column":null}},"loc":{"start":{"line":10,"column":4},"end":{"line":14,"column":5}}},"1":{"name":"(anonymous_1)","decl":{"start":{"line":16,"column":11},"end":{"line":16,"column":17}},"loc":{"start":{"line":16,"column":30},"end":{"line":21,"column":5}}},"2":{"name":"(anonymous_2)","decl":{"start":{"line":23,"column":11},"end":{"line":23,"column":22}},"loc":{"start":{"line":23,"column":22},"end":{"line":25,"column":5}}},"3":{"name":"(anonymous_3)","decl":{"start":{"line":27,"column":11},"end":{"line":27,"column":22}},"loc":{"start":{"line":27,"column":41},"end":{"line":29,"column":5}}},"4":{"name":"(anonymous_4)","decl":{"start":{"line":31,"column":11},"end":{"line":31,"column":23}},"loc":{"start":{"line":31,"column":23},"end":{"line":33,"column":5}}},"5":{"name":"(anonymous_5)","decl":{"start":{"line":35,"column":11},"end":{"line":35,"column":23}},"loc":{"start":{"line":35,"column":41},"end":{"line":37,"column":5}}},"6":{"name":"(anonymous_6)","decl":{"start":{"line":39,"column":11},"end":{"line":39,"column":23}},"loc":{"start":{"line":39,"column":23},"end":{"line":41,"column":5}}},"7":{"name":"(anonymous_7)","decl":{"start":{"line":43,"column":11},"end":{"line":43,"column":23}},"loc":{"start":{"line":43,"column":43},"end":{"line":45,"column":5}}}},"branchMap":{"0":{"loc":{"start":{"line":17,"column":8},"end":{"line":19,"column":null}},"type":"if","locations":[{"start":{"line":17,"column":8},"end":{"line":19,"column":null}},{"start":{"line":17,"column":8},"end":{"line":19,"column":null}}]}},"s":{"0":1,"1":1,"2":1,"3":3,"4":1,"5":3,"6":2,"7":1,"8":0,"9":1,"10":0,"11":1,"12":1},"f":{"0":1,"1":3,"2":2,"3":1,"4":0,"5":1,"6":0,"7":1},"b":{"0":[1,2]}}
,"/home/lucio/Documentos/personal/api_pruebaMerqueo/src/components/caja/dominio/CajaRepository.ts": {"path":"/home/lucio/Documentos/personal/api_pruebaMerqueo/src/components/caja/dominio/CajaRepository.ts","statementMap":{"0":{"start":{"line":3,"column":0},"end":{"line":3,"column":30}},"1":{"start":{"line":12,"column":4},"end":{"line":28,"column":7}},"2":{"start":{"line":13,"column":17},"end":{"line":13,"column":36}},"3":{"start":{"line":14,"column":21},"end":{"line":14,"column":39}},"4":{"start":{"line":15,"column":18},"end":{"line":16,"column":null}},"5":{"start":{"line":16,"column":18},"end":{"line":16,"column":68}},"6":{"start":{"line":18,"column":6},"end":{"line":24,"column":null}},"7":{"start":{"line":20,"column":10},"end":{"line":20,"column":78}},"8":{"start":{"line":21,"column":8},"end":{"line":21,"column":46}},"9":{"start":{"line":23,"column":8},"end":{"line":23,"column":30}},"10":{"start":{"line":25,"column":6},"end":{"line":25,"column":33}},"11":{"start":{"line":26,"column":6},"end":{"line":26,"column":41}},"12":{"start":{"line":27,"column":6},"end":{"line":27,"column":24}},"13":{"start":{"line":32,"column":4},"end":{"line":36,"column":7}},"14":{"start":{"line":33,"column":17},"end":{"line":33,"column":36}},"15":{"start":{"line":34,"column":21},"end":{"line":34,"column":39}},"16":{"start":{"line":35,"column":6},"end":{"line":35,"column":24}},"17":{"start":{"line":40,"column":15},"end":{"line":40,"column":34}},"18":{"start":{"line":41,"column":20},"end":{"line":41,"column":21}},"19":{"start":{"line":42,"column":4},"end":{"line":44,"column":null}},"20":{"start":{"line":43,"column":6},"end":{"line":43,"column":76}},"21":{"start":{"line":45,"column":4},"end":{"line":45,"column":33}},"22":{"start":{"line":46,"column":4},"end":{"line":46,"column":33}},"23":{"start":{"line":47,"column":4},"end":{"line":47,"column":16}},"24":{"start":{"line":51,"column":4},"end":{"line":54,"column":null}},"25":{"start":{"line":52,"column":17},"end":{"line":52,"column":36}},"26":{"start":{"line":53,"column":6},"end":{"line":53,"column":35}},"27":{"start":{"line":7,"column":0},"end":{"line":7,"column":13}}},"fnMap":{"0":{"name":"(anonymous_0)","decl":{"start":{"line":9,"column":2},"end":{"line":9,"column":17}},"loc":{"start":{"line":9,"column":2},"end":{"line":9,"column":18}}},"1":{"name":"(anonymous_1)","decl":{"start":{"line":11,"column":2},"end":{"line":11,"column":19}},"loc":{"start":{"line":11,"column":34},"end":{"line":29,"column":3}}},"2":{"name":"(anonymous_2)","decl":{"start":{"line":12,"column":23},"end":{"line":12,"column":24}},"loc":{"start":{"line":12,"column":43},"end":{"line":28,"column":5}}},"3":{"name":"(anonymous_3)","decl":{"start":{"line":16,"column":8},"end":{"line":16,"column":9}},"loc":{"start":{"line":16,"column":18},"end":{"line":16,"column":68}}},"4":{"name":"(anonymous_4)","decl":{"start":{"line":31,"column":2},"end":{"line":31,"column":17}},"loc":{"start":{"line":31,"column":17},"end":{"line":37,"column":3}}},"5":{"name":"(anonymous_5)","decl":{"start":{"line":32,"column":23},"end":{"line":32,"column":24}},"loc":{"start":{"line":32,"column":43},"end":{"line":36,"column":5}}},"6":{"name":"(anonymous_6)","decl":{"start":{"line":39,"column":2},"end":{"line":39,"column":21}},"loc":{"start":{"line":39,"column":41},"end":{"line":48,"column":3}}},"7":{"name":"(anonymous_7)","decl":{"start":{"line":42,"column":22},"end":{"line":42,"column":26}},"loc":{"start":{"line":42,"column":29},"end":{"line":44,"column":5}}},"8":{"name":"(anonymous_8)","decl":{"start":{"line":50,"column":2},"end":{"line":50,"column":18}},"loc":{"start":{"line":50,"column":18},"end":{"line":55,"column":3}}},"9":{"name":"(anonymous_9)","decl":{"start":{"line":51,"column":23},"end":{"line":51,"column":24}},"loc":{"start":{"line":51,"column":43},"end":{"line":54,"column":5}}}},"branchMap":{"0":{"loc":{"start":{"line":18,"column":6},"end":{"line":24,"column":null}},"type":"if","locations":[{"start":{"line":18,"column":6},"end":{"line":24,"column":null}},{"start":{"line":18,"column":6},"end":{"line":24,"column":null}}]}},"s":{"0":1,"1":1,"2":1,"3":1,"4":1,"5":0,"6":1,"7":0,"8":0,"9":1,"10":1,"11":1,"12":1,"13":1,"14":1,"15":1,"16":1,"17":1,"18":1,"19":1,"20":1,"21":1,"22":1,"23":1,"24":0,"25":0,"26":0,"27":1},"f":{"0":2,"1":1,"2":1,"3":0,"4":1,"5":1,"6":1,"7":1,"8":0,"9":0},"b":{"0":[0,1]}}
,"/home/lucio/Documentos/personal/api_pruebaMerqueo/src/components/caja/dominio/Dinero.ts": {"path":"/home/lucio/Documentos/personal/api_pruebaMerqueo/src/components/caja/dominio/Dinero.ts","statementMap":{"0":{"start":{"line":9,"column":8},"end":{"line":9,"column":33}},"1":{"start":{"line":10,"column":8},"end":{"line":10,"column":41}},"2":{"start":{"line":11,"column":8},"end":{"line":11,"column":25}},"3":{"start":{"line":15,"column":8},"end":{"line":15,"column":29}},"4":{"start":{"line":19,"column":8},"end":{"line":19,"column":33}},"5":{"start":{"line":23,"column":8},"end":{"line":23,"column":33}},"6":{"start":{"line":27,"column":8},"end":{"line":27,"column":41}},"7":{"start":{"line":31,"column":8},"end":{"line":31,"column":25}},"8":{"start":{"line":35,"column":8},"end":{"line":35,"column":25}},"9":{"start":{"line":1,"column":0},"end":{"line":1,"column":13}}},"fnMap":{"0":{"name":"(anonymous_0)","decl":{"start":{"line":8,"column":4},"end":{"line":8,"column":16}},"loc":{"start":{"line":8,"column":68},"end":{"line":12,"column":5}}},"1":{"name":"(anonymous_1)","decl":{"start":{"line":14,"column":11},"end":{"line":14,"column":22}},"loc":{"start":{"line":14,"column":22},"end":{"line":16,"column":5}}},"2":{"name":"(anonymous_2)","decl":{"start":{"line":18,"column":11},"end":{"line":18,"column":22}},"loc":{"start":{"line":18,"column":39},"end":{"line":20,"column":5}}},"3":{"name":"(anonymous_3)","decl":{"start":{"line":22,"column":11},"end":{"line":22,"column":26}},"loc":{"start":{"line":22,"column":26},"end":{"line":24,"column":5}}},"4":{"name":"(anonymous_4)","decl":{"start":{"line":26,"column":11},"end":{"line":26,"column":26}},"loc":{"start":{"line":26,"column":47},"end":{"line":28,"column":5}}},"5":{"name":"(anonymous_5)","decl":{"start":{"line":30,"column":11},"end":{"line":30,"column":18}},"loc":{"start":{"line":30,"column":18},"end":{"line":32,"column":5}}},"6":{"name":"(anonymous_6)","decl":{"start":{"line":34,"column":11},"end":{"line":34,"column":18}},"loc":{"start":{"line":34,"column":31},"end":{"line":36,"column":5}}}},"branchMap":{},"s":{"0":3,"1":3,"2":3,"3":1,"4":0,"5":1,"6":0,"7":0,"8":0,"9":1},"f":{"0":3,"1":1,"2":0,"3":1,"4":0,"5":0,"6":0},"b":{}}
,"/home/lucio/Documentos/personal/api_pruebaMerqueo/src/components/movimiento/dominio/Movimiento.ts": {"path":"/home/lucio/Documentos/personal/api_pruebaMerqueo/src/components/movimiento/dominio/Movimiento.ts","statementMap":{"0":{"start":{"line":13,"column":12},"end":{"line":13,"column":39}},"1":{"start":{"line":14,"column":12},"end":{"line":14,"column":49}},"2":{"start":{"line":15,"column":12},"end":{"line":15,"column":41}},"3":{"start":{"line":16,"column":12},"end":{"line":16,"column":33}},"4":{"start":{"line":21,"column":8},"end":{"line":21,"column":30}},"5":{"start":{"line":25,"column":8},"end":{"line":25,"column":35}},"6":{"start":{"line":29,"column":8},"end":{"line":29,"column":35}},"7":{"start":{"line":33,"column":8},"end":{"line":33,"column":45}},"8":{"start":{"line":37,"column":8},"end":{"line":37,"column":31}},"9":{"start":{"line":41,"column":8},"end":{"line":41,"column":37}},"10":{"start":{"line":45,"column":8},"end":{"line":45,"column":27}},"11":{"start":{"line":49,"column":8},"end":{"line":49,"column":29}},"12":{"start":{"line":3,"column":0},"end":{"line":3,"column":13}}},"fnMap":{"0":{"name":"(anonymous_0)","decl":{"start":{"line":11,"column":4},"end":{"line":11,"column":16}},"loc":{"start":{"line":12,"column":22},"end":{"line":18,"column":5}}},"1":{"name":"(anonymous_1)","decl":{"start":{"line":20,"column":11},"end":{"line":20,"column":23}},"loc":{"start":{"line":20,"column":23},"end":{"line":22,"column":5}}},"2":{"name":"(anonymous_2)","decl":{"start":{"line":24,"column":11},"end":{"line":24,"column":23}},"loc":{"start":{"line":24,"column":39},"end":{"line":26,"column":5}}},"3":{"name":"(anonymous_3)","decl":{"start":{"line":28,"column":11},"end":{"line":28,"column":28}},"loc":{"start":{"line":28,"column":28},"end":{"line":30,"column":5}}},"4":{"name":"(anonymous_4)","decl":{"start":{"line":32,"column":11},"end":{"line":32,"column":28}},"loc":{"start":{"line":32,"column":51},"end":{"line":34,"column":5}}},"5":{"name":"(anonymous_5)","decl":{"start":{"line":36,"column":11},"end":{"line":36,"column":24}},"loc":{"start":{"line":36,"column":24},"end":{"line":38,"column":5}}},"6":{"name":"(anonymous_6)","decl":{"start":{"line":40,"column":11},"end":{"line":40,"column":24}},"loc":{"start":{"line":40,"column":43},"end":{"line":42,"column":5}}},"7":{"name":"(anonymous_7)","decl":{"start":{"line":44,"column":11},"end":{"line":44,"column":20}},"loc":{"start":{"line":44,"column":20},"end":{"line":46,"column":5}}},"8":{"name":"(anonymous_8)","decl":{"start":{"line":48,"column":11},"end":{"line":48,"column":20}},"loc":{"start":{"line":48,"column":35},"end":{"line":50,"column":5}}}},"branchMap":{},"s":{"0":1,"1":1,"2":1,"3":1,"4":1,"5":0,"6":1,"7":0,"8":1,"9":0,"10":1,"11":0,"12":1},"f":{"0":1,"1":1,"2":0,"3":1,"4":0,"5":1,"6":0,"7":1,"8":0},"b":{}}
,"/home/lucio/Documentos/personal/api_pruebaMerqueo/src/components/movimiento/dominio/MovimientoRepository.ts": {"path":"/home/lucio/Documentos/personal/api_pruebaMerqueo/src/components/movimiento/dominio/MovimientoRepository.ts","statementMap":{"0":{"start":{"line":10,"column":8},"end":{"line":10,"column":57}},"1":{"start":{"line":15,"column":8},"end":{"line":15,"column":69}},"2":{"start":{"line":19,"column":8},"end":{"line":19,"column":99}},"3":{"start":{"line":23,"column":8},"end":{"line":23,"column":62}},"4":{"start":{"line":5,"column":0},"end":{"line":5,"column":13}}},"fnMap":{"0":{"name":"(anonymous_0)","decl":{"start":{"line":9,"column":4},"end":{"line":9,"column":16}},"loc":{"start":{"line":9,"column":56},"end":{"line":11,"column":5}}},"1":{"name":"(anonymous_1)","decl":{"start":{"line":14,"column":4},"end":{"line":14,"column":21}},"loc":{"start":{"line":14,"column":44},"end":{"line":16,"column":5}}},"2":{"name":"(anonymous_2)","decl":{"start":{"line":18,"column":4},"end":{"line":18,"column":30}},"loc":{"start":{"line":18,"column":72},"end":{"line":20,"column":5}}},"3":{"name":"(anonymous_3)","decl":{"start":{"line":22,"column":4},"end":{"line":22,"column":22}},"loc":{"start":{"line":22,"column":22},"end":{"line":24,"column":5}}}},"branchMap":{},"s":{"0":2,"1":1,"2":0,"3":0,"4":1},"f":{"0":2,"1":1,"2":0,"3":0},"b":{}}
,"/home/lucio/Documentos/personal/api_pruebaMerqueo/src/components/movimiento/infraestructura/MongoMovimientoRepository.ts": {"path":"/home/lucio/Documentos/personal/api_pruebaMerqueo/src/components/movimiento/infraestructura/MongoMovimientoRepository.ts","statementMap":{"0":{"start":{"line":3,"column":25},"end":{"line":3,"column":54}},"1":{"start":{"line":8,"column":4},"end":{"line":22,"column":7}},"2":{"start":{"line":9,"column":27},"end":{"line":14,"column":8}},"3":{"start":{"line":16,"column":6},"end":{"line":21,"column":9}},"4":{"start":{"line":17,"column":8},"end":{"line":19,"column":null}},"5":{"start":{"line":18,"column":10},"end":{"line":18,"column":24}},"6":{"start":{"line":20,"column":8},"end":{"line":20,"column":24}},"7":{"start":{"line":25,"column":4},"end":{"line":35,"column":null}},"8":{"start":{"line":26,"column":8},"end":{"line":34,"column":null}},"9":{"start":{"line":30,"column":12},"end":{"line":32,"column":null}},"10":{"start":{"line":31,"column":16},"end":{"line":31,"column":30}},"11":{"start":{"line":33,"column":12},"end":{"line":33,"column":null}},"12":{"start":{"line":39,"column":6},"end":{"line":47,"column":null}},"13":{"start":{"line":40,"column":8},"end":{"line":46,"column":null}},"14":{"start":{"line":42,"column":10},"end":{"line":44,"column":null}},"15":{"start":{"line":43,"column":14},"end":{"line":43,"column":null}},"16":{"start":{"line":45,"column":11},"end":{"line":45,"column":27}},"17":{"start":{"line":5,"column":0},"end":{"line":5,"column":13}}},"fnMap":{"0":{"name":"(anonymous_0)","decl":{"start":{"line":6,"column":2},"end":{"line":6,"column":17}},"loc":{"start":{"line":6,"column":2},"end":{"line":6,"column":18}}},"1":{"name":"(anonymous_1)","decl":{"start":{"line":7,"column":2},"end":{"line":7,"column":17}},"loc":{"start":{"line":7,"column":40},"end":{"line":23,"column":3}}},"2":{"name":"(anonymous_2)","decl":{"start":{"line":8,"column":23},"end":{"line":8,"column":24}},"loc":{"start":{"line":8,"column":43},"end":{"line":22,"column":5}}},"3":{"name":"(anonymous_3)","decl":{"start":{"line":16,"column":26},"end":{"line":16,"column":27}},"loc":{"start":{"line":16,"column":54},"end":{"line":21,"column":7}}},"4":{"name":"(anonymous_4)","decl":{"start":{"line":24,"column":2},"end":{"line":24,"column":28}},"loc":{"start":{"line":24,"column":70},"end":{"line":36,"column":3}}},"5":{"name":"(anonymous_5)","decl":{"start":{"line":25,"column":23},"end":{"line":25,"column":24}},"loc":{"start":{"line":25,"column":43},"end":{"line":35,"column":7}}},"6":{"name":"(anonymous_6)","decl":{"start":{"line":29,"column":12},"end":{"line":29,"column":13}},"loc":{"start":{"line":29,"column":40},"end":{"line":34,"column":9}}},"7":{"name":"(anonymous_7)","decl":{"start":{"line":38,"column":2},"end":{"line":38,"column":20}},"loc":{"start":{"line":38,"column":20},"end":{"line":48,"column":3}}},"8":{"name":"(anonymous_8)","decl":{"start":{"line":39,"column":25},"end":{"line":39,"column":26}},"loc":{"start":{"line":39,"column":45},"end":{"line":47,"column":7}}},"9":{"name":"(anonymous_9)","decl":{"start":{"line":41,"column":14},"end":{"line":41,"column":15}},"loc":{"start":{"line":41,"column":42},"end":{"line":46,"column":9}}}},"branchMap":{"0":{"loc":{"start":{"line":17,"column":8},"end":{"line":19,"column":null}},"type":"if","locations":[{"start":{"line":17,"column":8},"end":{"line":19,"column":null}},{"start":{"line":17,"column":8},"end":{"line":19,"column":null}}]},"1":{"loc":{"start":{"line":30,"column":12},"end":{"line":32,"column":null}},"type":"if","locations":[{"start":{"line":30,"column":12},"end":{"line":32,"column":null}},{"start":{"line":30,"column":12},"end":{"line":32,"column":null}}]},"2":{"loc":{"start":{"line":42,"column":10},"end":{"line":44,"column":null}},"type":"if","locations":[{"start":{"line":42,"column":10},"end":{"line":44,"column":null}},{"start":{"line":42,"column":10},"end":{"line":44,"column":null}}]}},"s":{"0":1,"1":1,"2":1,"3":1,"4":0,"5":0,"6":0,"7":0,"8":0,"9":0,"10":0,"11":0,"12":0,"13":0,"14":0,"15":0,"16":0,"17":1},"f":{"0":2,"1":1,"2":1,"3":0,"4":0,"5":0,"6":0,"7":0,"8":0,"9":0},"b":{"0":[0,0],"1":[0,0],"2":[0,0]}}
,"/home/lucio/Documentos/personal/api_pruebaMerqueo/src/components/movimiento/infraestructura/MovimientoSchema.ts": {"path":"/home/lucio/Documentos/personal/api_pruebaMerqueo/src/components/movimiento/infraestructura/MovimientoSchema.ts","statementMap":{"0":{"start":{"line":1,"column":0},"end":{"line":1,"column":41}},"1":{"start":{"line":3,"column":25},"end":{"line":18,"column":2}},"2":{"start":{"line":20,"column":1},"end":{"line":20,"column":56}}},"fnMap":{},"branchMap":{},"s":{"0":1,"1":1,"2":1},"f":{},"b":{}}
}
